<?xml version="1.0" encoding="UTF-8"?>
<!-- Generated by org.testng.reporters.JUnitReportReporter -->
<testsuite hostname="DESKTOP-5USFQ8E" failures="0" tests="2" name="HotelSearchTest.BookingHotelTestCases" time="7.804" errors="0" timestamp="2024-03-22T20:47:42 EET" skipped="0">
  <testcase classname="HotelSearchTest.BookingHotelTestCases" name="RandomlySelectHotelInRandomCity" time="1.946"/>
  <testcase classname="HotelSearchTest.BookingHotelTestCases" name="RandomlySelectNumberOfVisitor" time="5.858"/>
</testsuite> <!-- HotelSearchTest.BookingHotelTestCases -->
