<?xml version="1.0" encoding="UTF-8"?>
<!-- Generated by org.testng.reporters.JUnitReportReporter -->
<testsuite hostname="DESKTOP-5USFQ8E" failures="0" tests="6" name="HomePage.HomePageTestCases" time="0.953" errors="0" timestamp="2024-03-20T21:53:12 EET" skipped="0">
  <testcase classname="HomePage.HomePageTestCases" name="CheckTheContactNumber" time="0.323"/>
  <testcase classname="HomePage.HomePageTestCases" name="CheckDepatureAndReturnDate" time="0.248"/>
  <testcase classname="HomePage.HomePageTestCases" name="CheckQitafLogo" time="0.054"/>
  <testcase classname="HomePage.HomePageTestCases" name="CheckTheDefaultCurrency" time="0.134"/>
  <testcase classname="HomePage.HomePageTestCases" name="CheckHotelTabIsNotSelected" time="0.065"/>
  <testcase classname="HomePage.HomePageTestCases" name="CheckTheDefaultLanguageIsEnglish" time="0.129"/>
</testsuite> <!-- HomePage.HomePageTestCases -->
