<?xml version="1.0" encoding="UTF-8"?>
<!-- Generated by org.testng.reporters.JUnitReportReporter -->
<testsuite hostname="DESKTOP-5USFQ8E" failures="0" tests="4" name="HotelSearchTest.BookingHotelTestCases" time="35.335" errors="0" timestamp="2024-03-23T02:31:12 EET" skipped="0">
  <testcase classname="HotelSearchTest.BookingHotelTestCases" name="RandomlySelectHotelInRandomCity" time="2.520"/>
  <testcase classname="HotelSearchTest.BookingHotelTestCases" name="RandomlySelectNumberOfVisitor" time="6.300"/>
  <testcase classname="HotelSearchTest.BookingHotelTestCases" name="PageFullyComplete" time="20.197"/>
  <testcase classname="HotelSearchTest.BookingHotelTestCases" name="sortpricesfromloetohigh" time="6.318"/>
</testsuite> <!-- HotelSearchTest.BookingHotelTestCases -->
