<?xml version="1.0" encoding="UTF-8"?>
<!-- Generated by org.testng.reporters.JUnitReportReporter -->
<testsuite hostname="DESKTOP-5USFQ8E" failures="0" tests="3" name="HomePage.HomePageTestCases" time="0.353" errors="0" timestamp="2024-03-19T20:37:20 EET" skipped="0">
  <testcase classname="HomePage.HomePageTestCases" name="CheckTheContactNumber" time="0.168"/>
  <testcase classname="HomePage.HomePageTestCases" name="CheckTheDefaultLanguageIsEnglish" time="0.082"/>
  <testcase classname="HomePage.HomePageTestCases" name="CheckTheDefaultCurrency" time="0.103"/>
</testsuite> <!-- HomePage.HomePageTestCases -->
